C51 COMPILER V9.00   MAIN                                                                  05/20/2015 22:39:18 PAGE 1   


C51 COMPILER V9.00, COMPILATION OF MODULE MAIN
OBJECT MODULE PLACED IN main.obj
COMPILER INVOKED BY: g:\Keil\C51\BIN\C51.EXE Source\main.c INCDIR(..\电机控制) PRINT(.\main.lst) OBJECT(main.obj)

line level    source

   1          /*
   2          版权声明：
   3          WIFI机器人网・机器人创意工作室版权所有 www.wifi-robots.com
   4          您可以任意修改本程序，并应用于自行研发的智能小车机器人及其他电子产品上，但是禁止用于商业牟利。
   5          By WIFI机器人网・机器人创意工作室
   6          */
   7          #include "stc_new_8051.h"
   8          #include "motor.h"
   9          #include "uart.h"
  10          #include <stdio.h>
  11          #include <string.h>
  12          #include "type.h"
  13          #include "timer.h"
  14          #include "SelfTest.h"
  15          #include "Soft_uart.h"
  16          
  17          //INT8U *ReceivedData;
  18          INT8U xdata ReceivedData;
  19          #define DEBUG 1//是否开启打印开关
  20          
  21          void main(void)
  22          {
  23   1              
  24   1          #if DEBUG
  25   1          {
  26   2                      TestApp_Init();//初始化流水灯延时
  27   2          }
  28   1          #endif
  29   1      
  30   1          UART_init();//串口初始
  31   1              
  32   1          Timer0_Init();//舵机定时（或生成红外方波）
  33   1          Timer1_Init();//串口接收LED闪动
  34   1          Motor_Init();
  35   1      
  36   1          UART_send("UART_init OK", strlen("UART_init OK")); 
  37   1      
  38   1          initiate_soft_uart(); 
  39   1          UART_send("soft_UART_init OK", strlen("soft_UART_init OK")); 
  40   1      
  41   1          while(1)
  42   1              {
  43   2                      Cruising_Mod();//模式功能执行子函数
  44   2              ReceivedData=rs_receive_byte(); 
  45   2              //UART_send(&ReceivedData, strlen(&ReceivedData));
  46   2              rs_send_byte(ReceivedData);
  47   2              }
  48   1      }


MODULE INFORMATION:   STATIC OVERLAYABLE
   CODE SIZE        =     74    ----
   CONSTANT SIZE    =     31    ----
   XDATA SIZE       =      1    ----
   PDATA SIZE       =   ----    ----
C51 COMPILER V9.00   MAIN                                                                  05/20/2015 22:39:18 PAGE 2   

   DATA SIZE        =   ----    ----
   IDATA SIZE       =   ----    ----
   BIT SIZE         =   ----    ----
END OF MODULE INFORMATION.


C51 COMPILATION COMPLETE.  0 WARNING(S),  0 ERROR(S)
