C51 COMPILER V9.00   TIMER                                                                 05/17/2015 22:46:10 PAGE 1   


C51 COMPILER V9.00, COMPILATION OF MODULE TIMER
OBJECT MODULE PLACED IN timer.obj
COMPILER INVOKED BY: g:\Keil\C51\BIN\C51.EXE Source\timer.c BROWSE INCDIR(..\电机控制) DEBUG OBJECTEXTEND PRINT(.\timer.
                    -lst) OBJECT(timer.obj)

line level    source

   1            /*
   2          版权声明：
   3          WIFI机器人网・机器人创意工作室版权所有 www.wifi-robots.com
   4          您可以任意修改本程序，并应用于自行研发的智能小车机器人及其他电子产品上，但是禁止用于商业牟利。
   5          By WIFI机器人网・机器人创意工作室
   6          */
   7          #include "stc_new_8051.h"
   8          #include "timer.h"
   9          #include "steer.h"
  10          #include "IR.h"
  11          
  12          extern uint8 rec_flag;
  13          extern uint8 rec_flag;
  14          extern uint16 Sampling_cnt;
  15          extern bit IR_38K_En;
  16          extern bit IR_R_T; 
  17          extern bit IR_EN;
  18          extern void Steering_Engine_Control(void);
  19          uint16 se_timer[8]={SE1_Deg,SE2_Deg,SE3_Deg,SE4_Deg,SE5_Deg,SE6_Deg,SE7_Deg,SE8_Deg};
  20          /* ms 延时 */
  21          void Delay_Ms(uint32 t)
  22          {  
  23   1          uint16 i;
  24   1              while(t--)
  25   1              {
  26   2                 for(i=0;i<1050;i++);
  27   2              }
  28   1      }
  29          
  30          void Timer0_Init(void)
  31          {
  32   1              TMOD   &=   0xf0; 
  33   1          TMOD   |=   0x01; 
  34   1              AUXR   |=   0XC0;
  35   1              IP   |=   0x02;//定时器0中断优先级最高
  36   1              TR0=1;
  37   1              ET0=1;
  38   1      }
  39          
  40          void Timer1_Init(void)
  41          {
  42   1          ET1     =     1;
  43   1          TMOD   &=   0x0f; 
  44   1          TMOD   |=   0x10;   
  45   1          TH1     =   0xA9;   //1MS定时
  46   1          TL1     =   0x9A;
  47   1          TR1     =   1;    //开定时器1
  48   1      
  49   1      }
  50          
  51          void Timer_0(void) interrupt 1 
  52          {
  53   1              if(IR_EN ==1)
  54   1              {
C51 COMPILER V9.00   TIMER                                                                 05/17/2015 22:46:10 PAGE 2   

  55   2                      Timer_For_IR();
  56   2              }
  57   1              else
  58   1              {
  59   2                      Steering_Engine_Control();
  60   2              }
  61   1      }
  62          
  63          void Timer_1(void) interrupt 3
  64          {
  65   1          static uint16 ms_count=0;
  66   1      
  67   1              TH1     =   0xA9;   
  68   1          TL1     =   0x9A;
  69   1      
  70   1              if(ms_count++ >= 1000)
  71   1              {
  72   2                   ms_count = 0;
  73   2                       if(rec_flag)
  74   2                       {
  75   3                           LED5 = ~LED5;
  76   3                       }
  77   2                       else
  78   2                       {
  79   3                           LED5 = 1;
  80   3                       }
  81   2              }
  82   1              
  83   1      }


MODULE INFORMATION:   STATIC OVERLAYABLE
   CODE SIZE        =    199    ----
   CONSTANT SIZE    =   ----    ----
   XDATA SIZE       =   ----    ----
   PDATA SIZE       =   ----    ----
   DATA SIZE        =     18       4
   IDATA SIZE       =   ----    ----
   BIT SIZE         =   ----    ----
END OF MODULE INFORMATION.


C51 COMPILATION COMPLETE.  0 WARNING(S),  0 ERROR(S)
